<?xml version="1.0" encoding="UTF-8"?>
<testsuite xmlns:xsi="http://www.w3.org/2001/XMLSchema-instance" xsi:noNamespaceSchemaLocation="https://maven.apache.org/surefire/maven-surefire-plugin/xsd/surefire-test-report.xsd" name="cn.colins.rocketmqstarter.RocketmqStarterApplicationTests" time="3.789" tests="1" errors="1" skipped="0" failures="0">
  <properties>
    <property name="sun.desktop" value="windows"/>
    <property name="awt.toolkit" value="sun.awt.windows.WToolkit"/>
    <property name="file.encoding.pkg" value="sun.io"/>
    <property name="java.specification.version" value="1.8"/>
    <property name="sun.cpu.isalist" value="amd64"/>
    <property name="sun.jnu.encoding" value="GBK"/>
    <property name="java.class.path" value="F:\student_project\rocketmq-starter\target\test-classes;F:\student_project\rocketmq-starter\target\classes;E:\software\repository\org\springframework\boot\spring-boot-autoconfigure\2.5.4\spring-boot-autoconfigure-2.5.4.jar;E:\software\repository\org\springframework\boot\spring-boot\2.5.4\spring-boot-2.5.4.jar;E:\software\repository\org\springframework\spring-context\5.3.9\spring-context-5.3.9.jar;E:\software\repository\org\springframework\boot\spring-boot-configuration-processor\2.5.4\spring-boot-configuration-processor-2.5.4.jar;E:\software\repository\org\apache\rocketmq\rocketmq-client\4.4.0\rocketmq-client-4.4.0.jar;E:\software\repository\org\apache\rocketmq\rocketmq-common\4.4.0\rocketmq-common-4.4.0.jar;E:\software\repository\org\apache\rocketmq\rocketmq-remoting\4.4.0\rocketmq-remoting-4.4.0.jar;E:\software\repository\com\alibaba\fastjson\1.2.51\fastjson-1.2.51.jar;E:\software\repository\io\netty\netty-all\4.1.67.Final\netty-all-4.1.67.Final.jar;E:\software\repository\org\apache\rocketmq\rocketmq-logging\4.4.0\rocketmq-logging-4.4.0.jar;E:\software\repository\io\netty\netty-tcnative-boringssl-static\2.0.40.Final\netty-tcnative-boringssl-static-2.0.40.Final.jar;E:\software\repository\org\apache\commons\commons-lang3\3.12.0\commons-lang3-3.12.0.jar;E:\software\repository\org\springframework\boot\spring-boot-starter-web\2.5.4\spring-boot-starter-web-2.5.4.jar;E:\software\repository\org\springframework\boot\spring-boot-starter\2.5.4\spring-boot-starter-2.5.4.jar;E:\software\repository\org\springframework\boot\spring-boot-starter-logging\2.5.4\spring-boot-starter-logging-2.5.4.jar;E:\software\repository\ch\qos\logback\logback-classic\1.2.5\logback-classic-1.2.5.jar;E:\software\repository\ch\qos\logback\logback-core\1.2.5\logback-core-1.2.5.jar;E:\software\repository\org\apache\logging\log4j\log4j-to-slf4j\2.14.1\log4j-to-slf4j-2.14.1.jar;E:\software\repository\org\apache\logging\log4j\log4j-api\2.14.1\log4j-api-2.14.1.jar;E:\software\repository\org\slf4j\jul-to-slf4j\1.7.32\jul-to-slf4j-1.7.32.jar;E:\software\repository\jakarta\annotation\jakarta.annotation-api\1.3.5\jakarta.annotation-api-1.3.5.jar;E:\software\repository\org\yaml\snakeyaml\1.28\snakeyaml-1.28.jar;E:\software\repository\org\springframework\boot\spring-boot-starter-json\2.5.4\spring-boot-starter-json-2.5.4.jar;E:\software\repository\com\fasterxml\jackson\core\jackson-databind\2.12.4\jackson-databind-2.12.4.jar;E:\software\repository\com\fasterxml\jackson\core\jackson-annotations\2.12.4\jackson-annotations-2.12.4.jar;E:\software\repository\com\fasterxml\jackson\core\jackson-core\2.12.4\jackson-core-2.12.4.jar;E:\software\repository\com\fasterxml\jackson\datatype\jackson-datatype-jdk8\2.12.4\jackson-datatype-jdk8-2.12.4.jar;E:\software\repository\com\fasterxml\jackson\datatype\jackson-datatype-jsr310\2.12.4\jackson-datatype-jsr310-2.12.4.jar;E:\software\repository\com\fasterxml\jackson\module\jackson-module-parameter-names\2.12.4\jackson-module-parameter-names-2.12.4.jar;E:\software\repository\org\springframework\boot\spring-boot-starter-tomcat\2.5.4\spring-boot-starter-tomcat-2.5.4.jar;E:\software\repository\org\apache\tomcat\embed\tomcat-embed-core\9.0.52\tomcat-embed-core-9.0.52.jar;E:\software\repository\org\apache\tomcat\embed\tomcat-embed-el\9.0.52\tomcat-embed-el-9.0.52.jar;E:\software\repository\org\apache\tomcat\embed\tomcat-embed-websocket\9.0.52\tomcat-embed-websocket-9.0.52.jar;E:\software\repository\org\springframework\spring-web\5.3.9\spring-web-5.3.9.jar;E:\software\repository\org\springframework\spring-beans\5.3.9\spring-beans-5.3.9.jar;E:\software\repository\org\springframework\spring-webmvc\5.3.9\spring-webmvc-5.3.9.jar;E:\software\repository\org\springframework\spring-aop\5.3.9\spring-aop-5.3.9.jar;E:\software\repository\org\springframework\spring-expression\5.3.9\spring-expression-5.3.9.jar;E:\software\repository\org\projectlombok\lombok\1.18.20\lombok-1.18.20.jar;E:\software\repository\org\springframework\boot\spring-boot-starter-test\2.5.4\spring-boot-starter-test-2.5.4.jar;E:\software\repository\org\springframework\boot\spring-boot-test\2.5.4\spring-boot-test-2.5.4.jar;E:\software\repository\org\springframework\boot\spring-boot-test-autoconfigure\2.5.4\spring-boot-test-autoconfigure-2.5.4.jar;E:\software\repository\com\jayway\jsonpath\json-path\2.5.0\json-path-2.5.0.jar;E:\software\repository\net\minidev\json-smart\2.4.7\json-smart-2.4.7.jar;E:\software\repository\net\minidev\accessors-smart\2.4.7\accessors-smart-2.4.7.jar;E:\software\repository\org\ow2\asm\asm\9.1\asm-9.1.jar;E:\software\repository\org\slf4j\slf4j-api\1.7.32\slf4j-api-1.7.32.jar;E:\software\repository\jakarta\xml\bind\jakarta.xml.bind-api\2.3.3\jakarta.xml.bind-api-2.3.3.jar;E:\software\repository\jakarta\activation\jakarta.activation-api\1.2.2\jakarta.activation-api-1.2.2.jar;E:\software\repository\org\assertj\assertj-core\3.19.0\assertj-core-3.19.0.jar;E:\software\repository\org\hamcrest\hamcrest\2.2\hamcrest-2.2.jar;E:\software\repository\org\junit\jupiter\junit-jupiter\5.7.2\junit-jupiter-5.7.2.jar;E:\software\repository\org\junit\jupiter\junit-jupiter-api\5.7.2\junit-jupiter-api-5.7.2.jar;E:\software\repository\org\apiguardian\apiguardian-api\1.1.0\apiguardian-api-1.1.0.jar;E:\software\repository\org\opentest4j\opentest4j\1.2.0\opentest4j-1.2.0.jar;E:\software\repository\org\junit\platform\junit-platform-commons\1.7.2\junit-platform-commons-1.7.2.jar;E:\software\repository\org\junit\jupiter\junit-jupiter-params\5.7.2\junit-jupiter-params-5.7.2.jar;E:\software\repository\org\junit\jupiter\junit-jupiter-engine\5.7.2\junit-jupiter-engine-5.7.2.jar;E:\software\repository\org\junit\platform\junit-platform-engine\1.7.2\junit-platform-engine-1.7.2.jar;E:\software\repository\org\mockito\mockito-core\3.9.0\mockito-core-3.9.0.jar;E:\software\repository\net\bytebuddy\byte-buddy\1.10.22\byte-buddy-1.10.22.jar;E:\software\repository\net\bytebuddy\byte-buddy-agent\1.10.22\byte-buddy-agent-1.10.22.jar;E:\software\repository\org\objenesis\objenesis\3.2\objenesis-3.2.jar;E:\software\repository\org\mockito\mockito-junit-jupiter\3.9.0\mockito-junit-jupiter-3.9.0.jar;E:\software\repository\org\skyscreamer\jsonassert\1.5.0\jsonassert-1.5.0.jar;E:\software\repository\com\vaadin\external\google\android-json\0.0.20131108.vaadin1\android-json-0.0.20131108.vaadin1.jar;E:\software\repository\org\springframework\spring-core\5.3.9\spring-core-5.3.9.jar;E:\software\repository\org\springframework\spring-jcl\5.3.9\spring-jcl-5.3.9.jar;E:\software\repository\org\springframework\spring-test\5.3.9\spring-test-5.3.9.jar;E:\software\repository\org\xmlunit\xmlunit-core\2.8.2\xmlunit-core-2.8.2.jar;"/>
    <property name="java.vm.vendor" value="Oracle Corporation"/>
    <property name="sun.arch.data.model" value="64"/>
    <property name="user.variant" value=""/>
    <property name="java.vendor.url" value="http://java.oracle.com/"/>
    <property name="user.timezone" value="Asia/Shanghai"/>
    <property name="java.vm.specification.version" value="1.8"/>
    <property name="os.name" value="Windows 10"/>
    <property name="user.country" value="CN"/>
    <property name="sun.java.launcher" value="SUN_STANDARD"/>
    <property name="sun.boot.library.path" value="E:\software\Java\jdk1.8.0_77\jre\bin"/>
    <property name="sun.java.command" value="C:\Users\ADMINI~1\AppData\Local\Temp\surefire6202475428776089256\surefirebooter3938236021731146557.jar C:\Users\Administrator\AppData\Local\Temp\surefire6202475428776089256 2023-03-31T10-38-10_841-jvmRun1 surefire4524025584953606545tmp surefire_02086070487045548264tmp"/>
    <property name="surefire.test.class.path" value="F:\student_project\rocketmq-starter\target\test-classes;F:\student_project\rocketmq-starter\target\classes;E:\software\repository\org\springframework\boot\spring-boot-autoconfigure\2.5.4\spring-boot-autoconfigure-2.5.4.jar;E:\software\repository\org\springframework\boot\spring-boot\2.5.4\spring-boot-2.5.4.jar;E:\software\repository\org\springframework\spring-context\5.3.9\spring-context-5.3.9.jar;E:\software\repository\org\springframework\boot\spring-boot-configuration-processor\2.5.4\spring-boot-configuration-processor-2.5.4.jar;E:\software\repository\org\apache\rocketmq\rocketmq-client\4.4.0\rocketmq-client-4.4.0.jar;E:\software\repository\org\apache\rocketmq\rocketmq-common\4.4.0\rocketmq-common-4.4.0.jar;E:\software\repository\org\apache\rocketmq\rocketmq-remoting\4.4.0\rocketmq-remoting-4.4.0.jar;E:\software\repository\com\alibaba\fastjson\1.2.51\fastjson-1.2.51.jar;E:\software\repository\io\netty\netty-all\4.1.67.Final\netty-all-4.1.67.Final.jar;E:\software\repository\org\apache\rocketmq\rocketmq-logging\4.4.0\rocketmq-logging-4.4.0.jar;E:\software\repository\io\netty\netty-tcnative-boringssl-static\2.0.40.Final\netty-tcnative-boringssl-static-2.0.40.Final.jar;E:\software\repository\org\apache\commons\commons-lang3\3.12.0\commons-lang3-3.12.0.jar;E:\software\repository\org\springframework\boot\spring-boot-starter-web\2.5.4\spring-boot-starter-web-2.5.4.jar;E:\software\repository\org\springframework\boot\spring-boot-starter\2.5.4\spring-boot-starter-2.5.4.jar;E:\software\repository\org\springframework\boot\spring-boot-starter-logging\2.5.4\spring-boot-starter-logging-2.5.4.jar;E:\software\repository\ch\qos\logback\logback-classic\1.2.5\logback-classic-1.2.5.jar;E:\software\repository\ch\qos\logback\logback-core\1.2.5\logback-core-1.2.5.jar;E:\software\repository\org\apache\logging\log4j\log4j-to-slf4j\2.14.1\log4j-to-slf4j-2.14.1.jar;E:\software\repository\org\apache\logging\log4j\log4j-api\2.14.1\log4j-api-2.14.1.jar;E:\software\repository\org\slf4j\jul-to-slf4j\1.7.32\jul-to-slf4j-1.7.32.jar;E:\software\repository\jakarta\annotation\jakarta.annotation-api\1.3.5\jakarta.annotation-api-1.3.5.jar;E:\software\repository\org\yaml\snakeyaml\1.28\snakeyaml-1.28.jar;E:\software\repository\org\springframework\boot\spring-boot-starter-json\2.5.4\spring-boot-starter-json-2.5.4.jar;E:\software\repository\com\fasterxml\jackson\core\jackson-databind\2.12.4\jackson-databind-2.12.4.jar;E:\software\repository\com\fasterxml\jackson\core\jackson-annotations\2.12.4\jackson-annotations-2.12.4.jar;E:\software\repository\com\fasterxml\jackson\core\jackson-core\2.12.4\jackson-core-2.12.4.jar;E:\software\repository\com\fasterxml\jackson\datatype\jackson-datatype-jdk8\2.12.4\jackson-datatype-jdk8-2.12.4.jar;E:\software\repository\com\fasterxml\jackson\datatype\jackson-datatype-jsr310\2.12.4\jackson-datatype-jsr310-2.12.4.jar;E:\software\repository\com\fasterxml\jackson\module\jackson-module-parameter-names\2.12.4\jackson-module-parameter-names-2.12.4.jar;E:\software\repository\org\springframework\boot\spring-boot-starter-tomcat\2.5.4\spring-boot-starter-tomcat-2.5.4.jar;E:\software\repository\org\apache\tomcat\embed\tomcat-embed-core\9.0.52\tomcat-embed-core-9.0.52.jar;E:\software\repository\org\apache\tomcat\embed\tomcat-embed-el\9.0.52\tomcat-embed-el-9.0.52.jar;E:\software\repository\org\apache\tomcat\embed\tomcat-embed-websocket\9.0.52\tomcat-embed-websocket-9.0.52.jar;E:\software\repository\org\springframework\spring-web\5.3.9\spring-web-5.3.9.jar;E:\software\repository\org\springframework\spring-beans\5.3.9\spring-beans-5.3.9.jar;E:\software\repository\org\springframework\spring-webmvc\5.3.9\spring-webmvc-5.3.9.jar;E:\software\repository\org\springframework\spring-aop\5.3.9\spring-aop-5.3.9.jar;E:\software\repository\org\springframework\spring-expression\5.3.9\spring-expression-5.3.9.jar;E:\software\repository\org\projectlombok\lombok\1.18.20\lombok-1.18.20.jar;E:\software\repository\org\springframework\boot\spring-boot-starter-test\2.5.4\spring-boot-starter-test-2.5.4.jar;E:\software\repository\org\springframework\boot\spring-boot-test\2.5.4\spring-boot-test-2.5.4.jar;E:\software\repository\org\springframework\boot\spring-boot-test-autoconfigure\2.5.4\spring-boot-test-autoconfigure-2.5.4.jar;E:\software\repository\com\jayway\jsonpath\json-path\2.5.0\json-path-2.5.0.jar;E:\software\repository\net\minidev\json-smart\2.4.7\json-smart-2.4.7.jar;E:\software\repository\net\minidev\accessors-smart\2.4.7\accessors-smart-2.4.7.jar;E:\software\repository\org\ow2\asm\asm\9.1\asm-9.1.jar;E:\software\repository\org\slf4j\slf4j-api\1.7.32\slf4j-api-1.7.32.jar;E:\software\repository\jakarta\xml\bind\jakarta.xml.bind-api\2.3.3\jakarta.xml.bind-api-2.3.3.jar;E:\software\repository\jakarta\activation\jakarta.activation-api\1.2.2\jakarta.activation-api-1.2.2.jar;E:\software\repository\org\assertj\assertj-core\3.19.0\assertj-core-3.19.0.jar;E:\software\repository\org\hamcrest\hamcrest\2.2\hamcrest-2.2.jar;E:\software\repository\org\junit\jupiter\junit-jupiter\5.7.2\junit-jupiter-5.7.2.jar;E:\software\repository\org\junit\jupiter\junit-jupiter-api\5.7.2\junit-jupiter-api-5.7.2.jar;E:\software\repository\org\apiguardian\apiguardian-api\1.1.0\apiguardian-api-1.1.0.jar;E:\software\repository\org\opentest4j\opentest4j\1.2.0\opentest4j-1.2.0.jar;E:\software\repository\org\junit\platform\junit-platform-commons\1.7.2\junit-platform-commons-1.7.2.jar;E:\software\repository\org\junit\jupiter\junit-jupiter-params\5.7.2\junit-jupiter-params-5.7.2.jar;E:\software\repository\org\junit\jupiter\junit-jupiter-engine\5.7.2\junit-jupiter-engine-5.7.2.jar;E:\software\repository\org\junit\platform\junit-platform-engine\1.7.2\junit-platform-engine-1.7.2.jar;E:\software\repository\org\mockito\mockito-core\3.9.0\mockito-core-3.9.0.jar;E:\software\repository\net\bytebuddy\byte-buddy\1.10.22\byte-buddy-1.10.22.jar;E:\software\repository\net\bytebuddy\byte-buddy-agent\1.10.22\byte-buddy-agent-1.10.22.jar;E:\software\repository\org\objenesis\objenesis\3.2\objenesis-3.2.jar;E:\software\repository\org\mockito\mockito-junit-jupiter\3.9.0\mockito-junit-jupiter-3.9.0.jar;E:\software\repository\org\skyscreamer\jsonassert\1.5.0\jsonassert-1.5.0.jar;E:\software\repository\com\vaadin\external\google\android-json\0.0.20131108.vaadin1\android-json-0.0.20131108.vaadin1.jar;E:\software\repository\org\springframework\spring-core\5.3.9\spring-core-5.3.9.jar;E:\software\repository\org\springframework\spring-jcl\5.3.9\spring-jcl-5.3.9.jar;E:\software\repository\org\springframework\spring-test\5.3.9\spring-test-5.3.9.jar;E:\software\repository\org\xmlunit\xmlunit-core\2.8.2\xmlunit-core-2.8.2.jar;"/>
    <property name="sun.cpu.endian" value="little"/>
    <property name="user.home" value="C:\Users\Administrator"/>
    <property name="user.language" value="zh"/>
    <property name="java.specification.vendor" value="Oracle Corporation"/>
    <property name="java.home" value="E:\software\Java\jdk1.8.0_77\jre"/>
    <property name="basedir" value="F:\student_project\rocketmq-starter"/>
    <property name="file.separator" value="\"/>
    <property name="line.separator" value="&#10;"/>
    <property name="java.vm.specification.vendor" value="Oracle Corporation"/>
    <property name="java.specification.name" value="Java Platform API Specification"/>
    <property name="java.awt.graphicsenv" value="sun.awt.Win32GraphicsEnvironment"/>
    <property name="surefire.real.class.path" value="C:\Users\ADMINI~1\AppData\Local\Temp\surefire6202475428776089256\surefirebooter3938236021731146557.jar"/>
    <property name="sun.boot.class.path" value="E:\software\Java\jdk1.8.0_77\jre\lib\resources.jar;E:\software\Java\jdk1.8.0_77\jre\lib\rt.jar;E:\software\Java\jdk1.8.0_77\jre\lib\sunrsasign.jar;E:\software\Java\jdk1.8.0_77\jre\lib\jsse.jar;E:\software\Java\jdk1.8.0_77\jre\lib\jce.jar;E:\software\Java\jdk1.8.0_77\jre\lib\charsets.jar;E:\software\Java\jdk1.8.0_77\jre\lib\jfr.jar;E:\software\Java\jdk1.8.0_77\jre\classes"/>
    <property name="user.script" value=""/>
    <property name="sun.management.compiler" value="HotSpot 64-Bit Tiered Compilers"/>
    <property name="java.runtime.version" value="1.8.0_77-b03"/>
    <property name="user.name" value="Administrator"/>
    <property name="path.separator" value=";"/>
    <property name="os.version" value="10.0"/>
    <property name="java.endorsed.dirs" value="E:\software\Java\jdk1.8.0_77\jre\lib\endorsed"/>
    <property name="java.runtime.name" value="Java(TM) SE Runtime Environment"/>
    <property name="file.encoding" value="GBK"/>
    <property name="java.vm.name" value="Java HotSpot(TM) 64-Bit Server VM"/>
    <property name="localRepository" value="E:\software\repository"/>
    <property name="java.vendor.url.bug" value="http://bugreport.sun.com/bugreport/"/>
    <property name="java.io.tmpdir" value="C:\Users\ADMINI~1\AppData\Local\Temp\"/>
    <property name="idea.version" value="2020.2"/>
    <property name="java.version" value="1.8.0_77"/>
    <property name="user.dir" value="F:\student_project\rocketmq-starter"/>
    <property name="os.arch" value="amd64"/>
    <property name="java.vm.specification.name" value="Java Virtual Machine Specification"/>
    <property name="java.awt.printerjob" value="sun.awt.windows.WPrinterJob"/>
    <property name="sun.os.patch.level" value=""/>
    <property name="java.library.path" value="E:\software\Java\jdk1.8.0_77\jre\bin;C:\Windows\Sun\Java\bin;C:\Windows\system32;C:\Windows;C:\Windows\system32;C:\Windows;C:\Windows\System32\Wbem;C:\Windows\System32\WindowsPowerShell\v1.0\;C:\Windows\System32\OpenSSH\;E:\software\Java\jdk1.8.0_77\bin;E:\software\Java\jdk1.8.0_77\jre\bin;E:\software\git\Git\cmd;C:\Program Files\TortoiseGit\bin;E:\software\apache-maven-3.8.1\bin;E:\software\node\;E:\software\protobuf\protoc-21.4-win64\bin;E:\software\xshell\Xshell 7\;C:\Users\Administrator\AppData\Local\Microsoft\WindowsApps;E:\电脑软件\压缩\;C:\Users\Administrator\AppData\Roaming\npm;."/>
    <property name="java.vm.info" value="mixed mode"/>
    <property name="java.vendor" value="Oracle Corporation"/>
    <property name="java.vm.version" value="25.77-b03"/>
    <property name="java.ext.dirs" value="E:\software\Java\jdk1.8.0_77\jre\lib\ext;C:\Windows\Sun\Java\lib\ext"/>
    <property name="sun.io.unicode.encoding" value="UnicodeLittle"/>
    <property name="java.class.version" value="52.0"/>
  </properties>
  <testcase name="contextLoads" classname="cn.colins.rocketmqstarter.RocketmqStarterApplicationTests" time="0.511">
    <error type="java.lang.NullPointerException">java.lang.NullPointerException
	at cn.colins.rocketmqstarter.RocketmqStarterApplicationTests.contextLoads(RocketmqStarterApplicationTests.java:19)
</error>
    <system-out><![CDATA[10:38:11.667 [main] DEBUG org.springframework.test.context.BootstrapUtils - Instantiating CacheAwareContextLoaderDelegate from class [org.springframework.test.context.cache.DefaultCacheAwareContextLoaderDelegate]
10:38:11.702 [main] DEBUG org.springframework.test.context.BootstrapUtils - Instantiating BootstrapContext using constructor [public org.springframework.test.context.support.DefaultBootstrapContext(java.lang.Class,org.springframework.test.context.CacheAwareContextLoaderDelegate)]
10:38:11.726 [main] DEBUG org.springframework.test.context.BootstrapUtils - Instantiating TestContextBootstrapper for test class [cn.colins.rocketmqstarter.RocketmqStarterApplicationTests] from class [org.springframework.boot.test.context.SpringBootTestContextBootstrapper]
10:38:11.745 [main] INFO org.springframework.boot.test.context.SpringBootTestContextBootstrapper - Neither @ContextConfiguration nor @ContextHierarchy found for test class [cn.colins.rocketmqstarter.RocketmqStarterApplicationTests], using SpringBootContextLoader
10:38:11.748 [main] DEBUG org.springframework.test.context.support.AbstractContextLoader - Did not detect default resource location for test class [cn.colins.rocketmqstarter.RocketmqStarterApplicationTests]: class path resource [cn/colins/rocketmqstarter/RocketmqStarterApplicationTests-context.xml] does not exist
10:38:11.748 [main] DEBUG org.springframework.test.context.support.AbstractContextLoader - Did not detect default resource location for test class [cn.colins.rocketmqstarter.RocketmqStarterApplicationTests]: class path resource [cn/colins/rocketmqstarter/RocketmqStarterApplicationTestsContext.groovy] does not exist
10:38:11.748 [main] INFO org.springframework.test.context.support.AbstractContextLoader - Could not detect default resource locations for test class [cn.colins.rocketmqstarter.RocketmqStarterApplicationTests]: no resource found for suffixes {-context.xml, Context.groovy}.
10:38:11.749 [main] INFO org.springframework.test.context.support.AnnotationConfigContextLoaderUtils - Could not detect default configuration classes for test class [cn.colins.rocketmqstarter.RocketmqStarterApplicationTests]: RocketmqStarterApplicationTests does not declare any static, non-private, non-final, nested classes annotated with @Configuration.
10:38:11.832 [main] DEBUG org.springframework.test.context.support.ActiveProfilesUtils - Could not find an 'annotation declaring class' for annotation type [org.springframework.test.context.ActiveProfiles] and class [cn.colins.rocketmqstarter.RocketmqStarterApplicationTests]
10:38:11.902 [main] DEBUG org.springframework.context.annotation.ClassPathScanningCandidateComponentProvider - Identified candidate component class: file [F:\student_project\rocketmq-starter\target\classes\cn\colins\rocketmqstarter\RocketmqStarterApplication.class]
10:38:11.902 [main] INFO org.springframework.boot.test.context.SpringBootTestContextBootstrapper - Found @SpringBootConfiguration cn.colins.rocketmqstarter.RocketmqStarterApplication for test class cn.colins.rocketmqstarter.RocketmqStarterApplicationTests
10:38:11.998 [main] DEBUG org.springframework.boot.test.context.SpringBootTestContextBootstrapper - @TestExecutionListeners is not present for class [cn.colins.rocketmqstarter.RocketmqStarterApplicationTests]: using defaults.
10:38:11.998 [main] INFO org.springframework.boot.test.context.SpringBootTestContextBootstrapper - Loaded default TestExecutionListener class names from location [META-INF/spring.factories]: [org.springframework.boot.test.mock.mockito.MockitoTestExecutionListener, org.springframework.boot.test.mock.mockito.ResetMocksTestExecutionListener, org.springframework.boot.test.autoconfigure.restdocs.RestDocsTestExecutionListener, org.springframework.boot.test.autoconfigure.web.client.MockRestServiceServerResetTestExecutionListener, org.springframework.boot.test.autoconfigure.web.servlet.MockMvcPrintOnlyOnFailureTestExecutionListener, org.springframework.boot.test.autoconfigure.web.servlet.WebDriverTestExecutionListener, org.springframework.boot.test.autoconfigure.webservices.client.MockWebServiceServerTestExecutionListener, org.springframework.test.context.web.ServletTestExecutionListener, org.springframework.test.context.support.DirtiesContextBeforeModesTestExecutionListener, org.springframework.test.context.event.ApplicationEventsTestExecutionListener, org.springframework.test.context.support.DependencyInjectionTestExecutionListener, org.springframework.test.context.support.DirtiesContextTestExecutionListener, org.springframework.test.context.transaction.TransactionalTestExecutionListener, org.springframework.test.context.jdbc.SqlScriptsTestExecutionListener, org.springframework.test.context.event.EventPublishingTestExecutionListener]
10:38:12.031 [main] DEBUG org.springframework.boot.test.context.SpringBootTestContextBootstrapper - Skipping candidate TestExecutionListener [org.springframework.test.context.transaction.TransactionalTestExecutionListener] due to a missing dependency. Specify custom listener classes or make the default listener classes and their required dependencies available. Offending class: [org/springframework/transaction/interceptor/TransactionAttributeSource]
10:38:12.032 [main] DEBUG org.springframework.boot.test.context.SpringBootTestContextBootstrapper - Skipping candidate TestExecutionListener [org.springframework.test.context.jdbc.SqlScriptsTestExecutionListener] due to a missing dependency. Specify custom listener classes or make the default listener classes and their required dependencies available. Offending class: [org/springframework/transaction/interceptor/TransactionAttribute]
10:38:12.032 [main] INFO org.springframework.boot.test.context.SpringBootTestContextBootstrapper - Using TestExecutionListeners: [org.springframework.test.context.web.ServletTestExecutionListener@7ef82753, org.springframework.test.context.support.DirtiesContextBeforeModesTestExecutionListener@3b0fe47a, org.springframework.test.context.event.ApplicationEventsTestExecutionListener@202b0582, org.springframework.boot.test.mock.mockito.MockitoTestExecutionListener@235ecd9f, org.springframework.boot.test.autoconfigure.SpringBootDependencyInjectionTestExecutionListener@1ca3b418, org.springframework.test.context.support.DirtiesContextTestExecutionListener@58cbafc2, org.springframework.test.context.event.EventPublishingTestExecutionListener@2034b64c, org.springframework.boot.test.mock.mockito.ResetMocksTestExecutionListener@75d3a5e0, org.springframework.boot.test.autoconfigure.restdocs.RestDocsTestExecutionListener@74d1dc36, org.springframework.boot.test.autoconfigure.web.client.MockRestServiceServerResetTestExecutionListener@7161d8d1, org.springframework.boot.test.autoconfigure.web.servlet.MockMvcPrintOnlyOnFailureTestExecutionListener@74e28667, org.springframework.boot.test.autoconfigure.web.servlet.WebDriverTestExecutionListener@1cf6d1be, org.springframework.boot.test.autoconfigure.webservices.client.MockWebServiceServerTestExecutionListener@663c9e7a]
10:38:12.034 [main] DEBUG org.springframework.test.context.support.AbstractDirtiesContextTestExecutionListener - Before test class: context [DefaultTestContext@17f9d882 testClass = RocketmqStarterApplicationTests, testInstance = [null], testMethod = [null], testException = [null], mergedContextConfiguration = [WebMergedContextConfiguration@79e4c792 testClass = RocketmqStarterApplicationTests, locations = '{}', classes = '{class cn.colins.rocketmqstarter.RocketmqStarterApplication}', contextInitializerClasses = '[]', activeProfiles = '{}', propertySourceLocations = '{}', propertySourceProperties = '{org.springframework.boot.test.context.SpringBootTestContextBootstrapper=true}', contextCustomizers = set[org.springframework.boot.test.context.filter.ExcludeFilterContextCustomizer@20ce78ec, org.springframework.boot.test.json.DuplicateJsonObjectContextCustomizerFactory$DuplicateJsonObjectContextCustomizer@6eda5c9, org.springframework.boot.test.mock.mockito.MockitoContextCustomizer@0, org.springframework.boot.test.web.client.TestRestTemplateContextCustomizer@7fa98a66, org.springframework.boot.test.autoconfigure.actuate.metrics.MetricsExportContextCustomizerFactory$DisableMetricExportContextCustomizer@6e20b53a, org.springframework.boot.test.autoconfigure.properties.PropertyMappingContextCustomizer@0, org.springframework.boot.test.autoconfigure.web.servlet.WebDriverContextCustomizerFactory$Customizer@4cc451f2, org.springframework.boot.test.context.SpringBootTestArgs@1, org.springframework.boot.test.context.SpringBootTestWebEnvironment@7c16905e], resourceBasePath = 'src/main/webapp', contextLoader = 'org.springframework.boot.test.context.SpringBootContextLoader', parent = [null]], attributes = map['org.springframework.test.context.web.ServletTestExecutionListener.activateListener' -> true]], class annotated with @DirtiesContext [false] with mode [null].
10:38:12.067 [main] DEBUG org.springframework.test.context.support.TestPropertySourceUtils - Adding inlined properties to environment: {spring.jmx.enabled=false, org.springframework.boot.test.context.SpringBootTestContextBootstrapper=true}

  .   ____          _            __ _ _
 /\\ / ___'_ __ _ _(_)_ __  __ _ \ \ \ \
( ( )\___ | '_ | '_| | '_ \/ _` | \ \ \ \
 \\/  ___)| |_)| | | | | || (_| |  ) ) ) )
  '  |____| .__|_| |_|_| |_\__, | / / / /
 =========|_|==============|___/=/_/_/_/
 :: Spring Boot ::                (v2.5.4)

2023-03-31 10:38:12.472  INFO 84356 --- [           main] c.c.r.RocketmqStarterApplicationTests    : Starting RocketmqStarterApplicationTests using Java 1.8.0_77 on jr10001306 with PID 84356 (started by Administrator in F:\student_project\rocketmq-starter)
2023-03-31 10:38:12.472  INFO 84356 --- [           main] c.c.r.RocketmqStarterApplicationTests    : No active profile set, falling back to default profiles: default
2023-03-31 10:38:14.122  INFO 84356 --- [           main] c.c.r.producer.RocketMqProducerService   : RocketMqProducerGroup:TEST_PRODUCER_GROUP1 start success
2023-03-31 10:38:14.123  INFO 84356 --- [           main] c.c.r.producer.RocketMqProducerService   : RocketMqProducerGroup:TEST_PRODUCER_GROUP2 start success
2023-03-31 10:38:14.845  INFO 84356 --- [           main] c.c.r.RocketmqStarterApplicationTests    : Started RocketmqStarterApplicationTests in 2.773 seconds (JVM running for 3.652)
]]></system-out>
  </testcase>
</testsuite>